<?xml version="1.0" encoding="UTF-8"?>
<testsuite xmlns:xsi="http://www.w3.org/2001/XMLSchema-instance" xsi:noNamespaceSchemaLocation="https://maven.apache.org/surefire/maven-surefire-plugin/xsd/surefire-test-report-3.0.xsd" version="3.0" name="com.example.mediconnect.MediConnectApplicationTests" time="52.941" tests="1" errors="0" skipped="0" failures="0">
  <properties>
[...]
</properties>
  <testcase name="contextLoads" classname="com.example.mediconnect.MediConnectApplicationTests" time="13.259">
    <system-out><![CDATA[21:39:18.140 [main] INFO org.springframework.test.context.support.AnnotationConfigContextLoaderUtils -- Could not detect default configuration classes for test class [com.example.mediconnect.MediConnectApplicationTests]: MediConnectApplicationTests does not declare any static, non-private, non-final, nested classes annotated with @Configuration.
21:39:18.889 [main] INFO org.springframework.boot.test.context.SpringBootTestContextBootstrapper -- Found @SpringBootConfiguration com.example.mediconnect.MediConnectApplication for test class com.example.mediconnect.MediConnectApplicationTests

  .   ____          _            __ _ _
 /\\ / ___'_ __ _ _(_)_ __  __ _ \ \ \ \
( ( )\___ | '_ | '_| | '_ \/ _` | \ \ \ \
 \\/  ___)| |_)| | | | | || (_| |  ) ) ) )
  '  |____| .__|_| |_|_| |_\__, | / / / /
 =========|_|==============|___/=/_/_/_/
 :: Spring Boot ::                (v3.1.4)

2026-03-08T21:39:21.824+02:00  INFO 7260 --- [           main] c.e.m.MediConnectApplicationTests        : Starting MediConnectApplicationTests using Java 25.0.2 with PID 7260 (started by AGAPE in C:\Users\AGAPE\OneDrive\Desktop\Mid_project_Webtech\mediconnect)
2026-03-08T21:39:21.828+02:00  INFO 7260 --- [           main] c.e.m.MediConnectApplicationTests        : No active profile set, falling back to 1 default profile: "default"
2026-03-08T21:39:32.801+02:00  INFO 7260 --- [           main] .s.d.r.c.RepositoryConfigurationDelegate : Bootstrapping Spring Data JPA repositories in DEFAULT mode.
2026-03-08T21:39:33.135+02:00  INFO 7260 --- [           main] .s.d.r.c.RepositoryConfigurationDelegate : Finished Spring Data repository scanning in 318 ms. Found 7 JPA repository interfaces.
2026-03-08T21:39:38.020+02:00  INFO 7260 --- [           main] o.hibernate.jpa.internal.util.LogHelper  : HHH000204: Processing PersistenceUnitInfo [name: default]
2026-03-08T21:39:38.692+02:00  INFO 7260 --- [           main] org.hibernate.Version                    : HHH000412: Hibernate ORM core version 6.2.9.Final
2026-03-08T21:39:38.697+02:00  INFO 7260 --- [           main] org.hibernate.cfg.Environment            : HHH000406: Using bytecode reflection optimizer
2026-03-08T21:39:40.102+02:00  INFO 7260 --- [           main] o.h.b.i.BytecodeProviderInitiator        : HHH000021: Bytecode provider name : bytebuddy
2026-03-08T21:39:41.207+02:00  INFO 7260 --- [           main] o.s.o.j.p.SpringPersistenceUnitInfo      : No LoadTimeWeaver setup: ignoring JPA class transformer
2026-03-08T21:39:41.281+02:00  INFO 7260 --- [           main] com.zaxxer.hikari.HikariDataSource       : HikariPool-1 - Starting...
2026-03-08T21:39:43.353+02:00  INFO 7260 --- [           main] com.zaxxer.hikari.pool.HikariPool        : HikariPool-1 - Added connection conn0: url=jdbc:h2:mem:testdb user=SA
2026-03-08T21:39:43.356+02:00  INFO 7260 --- [           main] com.zaxxer.hikari.HikariDataSource       : HikariPool-1 - Start completed.
2026-03-08T21:39:45.298+02:00  INFO 7260 --- [           main] o.h.b.i.BytecodeProviderInitiator        : HHH000021: Bytecode provider name : bytebuddy
2026-03-08T21:39:47.799+02:00  INFO 7260 --- [           main] o.h.e.t.j.p.i.JtaPlatformInitiator       : HHH000490: Using JtaPlatform implementation: [org.hibernate.engine.transaction.jta.platform.internal.NoJtaPlatform]
Hibernate: drop table if exists medicines cascade 
Hibernate: drop table if exists pharmacies cascade 
Hibernate: drop table if exists pharmacy_medicines cascade 
Hibernate: drop table if exists prescriptions cascade 
Hibernate: drop table if exists profiles cascade 
Hibernate: drop table if exists stock cascade 
Hibernate: drop table if exists users cascade 
Hibernate: create table medicines (requires_prescription boolean, created_at timestamp(6), id bigint generated by default as identity, description varchar(1000), brand_name varchar(255), dosage_form varchar(255), generic_name varchar(255) not null unique, strength varchar(255), primary key (id))
Hibernate: create table pharmacies (is_active boolean, is_approved boolean, latitude float(53), longitude float(53), approved_at timestamp(6), created_at timestamp(6), id bigint generated by default as identity, license_expiry timestamp(6), profile_id bigint not null unique, cell varchar(255), district varchar(255), email varchar(255), license_number varchar(255), name varchar(255), phone_number varchar(255), province varchar(255), province_code varchar(255), registration_number varchar(255), sector varchar(255), street_address varchar(255), village varchar(255), website varchar(255), primary key (id))
Hibernate: create table pharmacy_medicines (price numeric(38,2), reorder_level integer, stock_quantity integer, id bigint generated by default as identity, last_updated timestamp(6), medicine_id bigint not null, pharmacy_id bigint not null, status varchar(255) check (status in ('ACTIVE','OUT_OF_STOCK','DISCONTINUED','LOW_STOCK','PENDING_DELIVERY')), primary key (id))
Hibernate: create table prescriptions (dispensed_date timestamp(6), doctor_id bigint not null, expiry_date timestamp(6), id bigint generated by default as identity, issue_date timestamp(6), patient_id bigint not null, pharmacy_id bigint, notes varchar(2000), prescription_code varchar(255) not null unique, status varchar(255) check (status in ('ACTIVE','DISPENSED','EXPIRED','CANCELLED')), verification_code varchar(255), primary key (id))
Hibernate: create table profiles (is_active boolean, is_approved boolean, created_at timestamp(6), id bigint generated by default as identity, updated_at timestamp(6), user_id bigint not null unique, email varchar(255), first_name varchar(255), last_name varchar(255), license_expiry varchar(255), license_number varchar(255), pharmacy_registration varchar(255), phone_number varchar(255), specialization varchar(255), primary key (id))
Hibernate: create table stock (quantity integer not null, id bigint generated by default as identity, medicine_id bigint, primary key (id))
Hibernate: create table users (id bigint generated by default as identity, email varchar(255) not null unique, password varchar(255) not null, role varchar(255) check (role in ('ADMIN','DOCTOR','PHARMACY','PATIENT')), primary key (id))
Hibernate: alter table if exists pharmacies add constraint FK2hibcxto3vvslkv2x01hwophw foreign key (profile_id) references profiles
Hibernate: alter table if exists pharmacy_medicines add constraint FKfw5fpedr0ik22wb140ucvt84a foreign key (medicine_id) references medicines
Hibernate: alter table if exists pharmacy_medicines add constraint FKt5bl70ywvtq5sw16hbu5jeasd foreign key (pharmacy_id) references pharmacies
Hibernate: alter table if exists prescriptions add constraint FKnwqu8wmljynq7rjybjq9xl7a0 foreign key (doctor_id) references profiles
Hibernate: alter table if exists prescriptions add constraint FK4tytpww2t1f7b8ynsoqg23ajo foreign key (patient_id) references profiles
Hibernate: alter table if exists prescriptions add constraint FKqkr5kul91he73hrj51k5u9hq4 foreign key (pharmacy_id) references pharmacies
Hibernate: alter table if exists profiles add constraint FK410q61iev7klncmpqfuo85ivh foreign key (user_id) references users
Hibernate: alter table if exists stock add constraint FKeykvqfl49b05gvatdr8maxfpo foreign key (medicine_id) references medicines
2026-03-08T21:39:48.132+02:00  INFO 7260 --- [           main] j.LocalContainerEntityManagerFactoryBean : Initialized JPA EntityManagerFactory for persistence unit 'default'
2026-03-08T21:39:49.538+02:00  INFO 7260 --- [           main] o.s.d.j.r.query.QueryEnhancerFactory     : Hibernate is in classpath; If applicable, HQL parser will be used.
2026-03-08T21:39:51.479+02:00  WARN 7260 --- [           main] JpaBaseConfiguration$JpaWebConfiguration : spring.jpa.open-in-view is enabled by default. Therefore, database queries may be performed during view rendering. Explicitly configure spring.jpa.open-in-view to disable this warning
2026-03-08T21:39:52.457+02:00  INFO 7260 --- [           main] o.s.s.web.DefaultSecurityFilterChain     : Will secure any request with [org.springframework.security.web.session.DisableEncodeUrlFilter@1bc467bd, org.springframework.security.web.context.request.async.WebAsyncManagerIntegrationFilter@2c05ccdb, org.springframework.security.web.context.SecurityContextHolderFilter@14f1db20, org.springframework.security.web.header.HeaderWriterFilter@43905ade, org.springframework.security.web.authentication.logout.LogoutFilter@c82f6bd, org.springframework.security.web.savedrequest.RequestCacheAwareFilter@1c298769, org.springframework.security.web.servletapi.SecurityContextHolderAwareRequestFilter@627d29cc, org.springframework.security.web.authentication.AnonymousAuthenticationFilter@5d71813b, org.springframework.security.web.access.ExceptionTranslationFilter@76c5599b, org.springframework.security.web.access.intercept.AuthorizationFilter@15045e40]
2026-03-08T21:39:54.367+02:00  INFO 7260 --- [           main] o.s.b.a.h2.H2ConsoleAutoConfiguration    : H2 console available at '/h2-console'. Database available at 'jdbc:h2:mem:testdb'
2026-03-08T21:39:54.533+02:00  INFO 7260 --- [           main] o.s.b.a.e.web.EndpointLinksResolver      : Exposing 13 endpoint(s) beneath base path '/actuator'
2026-03-08T21:39:54.773+02:00  INFO 7260 --- [           main] c.e.m.MediConnectApplicationTests        : Started MediConnectApplicationTests in 34.977 seconds (process running for 46.003)
Hibernate: select u1_0.id,u1_0.email,u1_0.password,u1_0.role from users u1_0 where u1_0.email=?
Hibernate: insert into users (email,password,role,id) values (?,?,?,default)
]]></system-out>
    <system-err><![CDATA[WARNING: A Java agent has been loaded dynamically (C:\Users\AGAPE\.m2\repository\net\bytebuddy\byte-buddy-agent\1.14.8\byte-buddy-agent-1.14.8.jar)
WARNING: If a serviceability tool is in use, please run with -XX:+EnableDynamicAgentLoading to hide this warning
WARNING: If a serviceability tool is not in use, please run with -Djdk.instrument.traceUsage for more information
WARNING: Dynamic loading of agents will be disallowed by default in a future release
]]></system-err>
  </testcase>
</testsuite>